<?xml version="1.0" encoding="UTF-8"?>
<!-- Generated by org.testng.reporters.JUnitXMLReporter -->
<testsuite hostname="parvatha-varthni" ignored="0" name="Default test" tests="1" failures="1" timestamp="14 Nov 2019 08:36:47 GMT" time="0.449" errors="0">
  <testcase name="@AfterClass teardown" time="0.004" classname="com.pw.cucumberrunner.Cucumber_Main">
    <failure type="java.lang.NullPointerException">
      <![CDATA[java.lang.NullPointerException
at com.vimalselvam.cucumber.listener.Reporter.loadXMLConfig(Reporter.java:66)
at com.pw.cucumberrunner.Cucumber_Main.teardown(Cucumber_Main.java:56)
at sun.reflect.NativeMethodAccessorImpl.invoke0(Native Method)
at sun.reflect.NativeMethodAccessorImpl.invoke(NativeMethodAccessorImpl.java:62)
at sun.reflect.DelegatingMethodAccessorImpl.invoke(DelegatingMethodAccessorImpl.java:43)
at java.lang.reflect.Method.invoke(Method.java:498)
at org.testng.internal.MethodInvocationHelper.invokeMethod(MethodInvocationHelper.java:124)
at org.testng.internal.MethodInvocationHelper.invokeMethodConsideringTimeout(MethodInvocationHelper.java:59)
at org.testng.internal.Invoker.invokeConfigurationMethod(Invoker.java:458)
at org.testng.internal.Invoker.invokeConfigurations(Invoker.java:222)
at org.testng.internal.Invoker.invokeConfigurations(Invoker.java:142)
at org.testng.internal.TestMethodWorker.invokeAfterClassMethods(TestMethodWorker.java:214)
at org.testng.internal.TestMethodWorker.run(TestMethodWorker.java:111)
at org.testng.TestRunner.privateRun(TestRunner.java:648)
at org.testng.TestRunner.run(TestRunner.java:505)
at org.testng.SuiteRunner.runTest(SuiteRunner.java:455)
at org.testng.SuiteRunner.runSequentially(SuiteRunner.java:450)
at org.testng.SuiteRunner.privateRun(SuiteRunner.java:415)
at org.testng.SuiteRunner.run(SuiteRunner.java:364)
at org.testng.SuiteRunnerWorker.runSuite(SuiteRunnerWorker.java:52)
at org.testng.SuiteRunnerWorker.run(SuiteRunnerWorker.java:84)
at org.testng.TestNG.runSuitesSequentially(TestNG.java:1208)
at org.testng.TestNG.runSuitesLocally(TestNG.java:1137)
at org.testng.TestNG.runSuites(TestNG.java:1049)
at org.testng.TestNG.run(TestNG.java:1017)
at org.testng.remote.AbstractRemoteTestNG.run(AbstractRemoteTestNG.java:115)
at org.testng.remote.RemoteTestNG.initAndRun(RemoteTestNG.java:251)
at org.testng.remote.RemoteTestNG.main(RemoteTestNG.java:77)
]]>
    </failure>
  </testcase> <!-- @AfterClass teardown -->
  <testcase name="feature" time="0.004" classname="cucumber.api.testng.AbstractTestNGCucumberTests">
    <failure type="cucumber.runtime.CucumberException" message="Error parsing feature file Features/Side_tray_add_sell_order.feature">
      <![CDATA[cucumber.runtime.CucumberException: Error parsing feature file Features/Side_tray_add_sell_order.feature
at cucumber.runtime.FeatureBuilder.parse(FeatureBuilder.java:133)
at cucumber.runtime.model.CucumberFeature.loadFromFeaturePath(CucumberFeature.java:104)
at cucumber.runtime.model.CucumberFeature.load(CucumberFeature.java:54)
at cucumber.runtime.model.CucumberFeature.load(CucumberFeature.java:34)
at cucumber.runtime.RuntimeOptions.cucumberFeatures(RuntimeOptions.java:239)
at cucumber.api.testng.TestNGCucumberRunner.getFeatures(TestNGCucumberRunner.java:85)
at cucumber.api.testng.TestNGCucumberRunner.provideFeatures(TestNGCucumberRunner.java:94)
at cucumber.api.testng.AbstractTestNGCucumberTests.features(AbstractTestNGCucumberTests.java:29)
at sun.reflect.NativeMethodAccessorImpl.invoke0(Native Method)
at sun.reflect.NativeMethodAccessorImpl.invoke(NativeMethodAccessorImpl.java:62)
at sun.reflect.DelegatingMethodAccessorImpl.invoke(DelegatingMethodAccessorImpl.java:43)
at java.lang.reflect.Method.invoke(Method.java:498)
at org.testng.internal.MethodInvocationHelper.invokeMethod(MethodInvocationHelper.java:124)
at org.testng.internal.MethodInvocationHelper.invokeMethod(MethodInvocationHelper.java:74)
at org.testng.internal.MethodInvocationHelper.invokeMethodNoCheckedException(MethodInvocationHelper.java:45)
at org.testng.internal.MethodInvocationHelper.invokeDataProvider(MethodInvocationHelper.java:131)
at org.testng.internal.Parameters.handleParameters(Parameters.java:706)
at org.testng.internal.ParameterHandler.handleParameters(ParameterHandler.java:49)
at org.testng.internal.ParameterHandler.createParameters(ParameterHandler.java:37)
at org.testng.internal.Invoker.invokeTestMethods(Invoker.java:924)
at org.testng.internal.TestMethodWorker.invokeTestMethods(TestMethodWorker.java:125)
at org.testng.internal.TestMethodWorker.run(TestMethodWorker.java:109)
at org.testng.TestRunner.privateRun(TestRunner.java:648)
at org.testng.TestRunner.run(TestRunner.java:505)
at org.testng.SuiteRunner.runTest(SuiteRunner.java:455)
at org.testng.SuiteRunner.runSequentially(SuiteRunner.java:450)
at org.testng.SuiteRunner.privateRun(SuiteRunner.java:415)
at org.testng.SuiteRunner.run(SuiteRunner.java:364)
at org.testng.SuiteRunnerWorker.runSuite(SuiteRunnerWorker.java:52)
at org.testng.SuiteRunnerWorker.run(SuiteRunnerWorker.java:84)
at org.testng.TestNG.runSuitesSequentially(TestNG.java:1208)
at org.testng.TestNG.runSuitesLocally(TestNG.java:1137)
at org.testng.TestNG.runSuites(TestNG.java:1049)
at org.testng.TestNG.run(TestNG.java:1017)
at org.testng.remote.AbstractRemoteTestNG.run(AbstractRemoteTestNG.java:115)
at org.testng.remote.RemoteTestNG.initAndRun(RemoteTestNG.java:251)
at org.testng.remote.RemoteTestNG.main(RemoteTestNG.java:77)
Caused by: gherkin.lexer.LexingError: Lexing error on line 110: 'Draft Order screen scenarios
# @RegressionTest @SmokeTest
Scenario: Validate the draft order page
Given user is on ‘Add a sell order’ extended side tray 
When the user clicks the add button from Add a sell order extended side tray
Then order should be saved as draft order and should be displayed on the place order screen

# @RegressionTest @SmokeTest
Scenario: Validate the draft order
Given user is on the draft order screen
When user click the available draft order
Then add sell order extended side tray should open and user should be able to edit the order

# @RegressionTest @SmokeTest
Scenario: validate the edit order
Given user is on the edit order screen
When user changes the different asset or order value
And click the update button
Then updated new changes should be displayed in the draft order screen

# @RegressionTest @SmokeTest
Scenario: Validate the multiple orders
Given user is on the draft order screen
When the user clicks the sell button and places the another order
Then newly placed order should be displayed under the previous order on the draft order screen

# @RegressionTest @SmokeTest
Scenario: validate the close order button
Given user is on the draft order screen
When user clicks the close button for any draft order card
Then confirmation pop-up message should be displayed on the screen

# @RegressionTest @SmokeTest
Scenario: Validate the Go back button on the confirmation popup
Given user is can able to view the confirmation pop-up for close order
When the user clicks the Go back button
Then that order should not be closed and order should be displayed on the draft order screen

# @RegressionTest @SmokeTest
Scenario: Validate the cancel order button on the confirmation popup
Given user is can able to view the confirmation popup for close order
When the user clicks the cancel order button
Then that particular order should be get disappear from the draft order screen
    Preview Order screen scenarios

# @RegressionTest @SmokeTest
Scenario: validate the preview screen
Given user is on the draft order screen
When the user clicks the preview button from the draft order screen
Then User should navigate to the preview order screen
And transaction summary value on preview order screen and addition of draft orders value should be same

# @RegressionTest @SmokeTest
Scenario: Validate the Preview order screen
Given user is on the preview order screen
When the user finds before and after portfolio impact of the available units
Then available units should be reduced based on the order units for that Asset type
And Asset name and asset code should be displayed under the before and after impacts of Units

# @RegressionTest @SmokeTest
Scenario: Validate the back button on preview order screen
Given user is on the preview order screen
When user clicks the back button
Then User should be navigated to the order draft screen

# @RegressionTest @SmokeTest
Scenario: Validate the Confirm order button
Given user is on the draft order screen
When the user clicks the preview button from the draft order screen
And the user didn’t select the disclaimer checkbox
Then Confirm order button should be in disable mode

# @RegressionTest @SmokeTest
Scenario: Validate the disclaimer acknowledgement pop-up
Given user is on the preview order screen
When user clicks the disclaimer link from the preview order screen footer
Then Disclaimer popup should be display

# @RegressionTest @SmokeTest
Scenario: validate the disclaimer checkbox
Given user is on the preview order screen
When  User selects the disclaimer checkbox
Then  Order Confirm button should be enabled

# @RegressionTest @SmokeTest
Scenario: Validate the order confirmation button
Given  user is on the preview order screen
When  User click the order confirm button after selecting all the mandatory fields
Then  Order should be submitted
And  unique reference number should be generated for each order on order confirmation screen

%_FEATURE_END_%'. See http://wiki.github.com/cucumber/gherkin/lexingerror for more information.
at gherkin.lexer.En.scan(En.java:872)
at gherkin.lexer.I18nLexer.scan(I18nLexer.java:36)
at gherkin.parser.Parser.parse(Parser.java:62)
at cucumber.runtime.FeatureBuilder.parse(FeatureBuilder.java:131)
... 36 more
]]>
    </failure>
  </testcase> <!-- feature -->
</testsuite> <!-- Default test -->
