<html>
<head>
<title>TestNG:  Default test</title>
<link href="../testng.css" rel="stylesheet" type="text/css" />
<link href="../my-testng.css" rel="stylesheet" type="text/css" />

<style type="text/css">
.log { display: none;} 
.stack-trace { display: none;} 
</style>
<script type="text/javascript">
<!--
function flip(e) {
  current = e.style.display;
  if (current == 'block') {
    e.style.display = 'none';
    return 0;
  }
  else {
    e.style.display = 'block';
    return 1;
  }
}

function toggleBox(szDivId, elem, msg1, msg2)
{
  var res = -1;  if (document.getElementById) {
    res = flip(document.getElementById(szDivId));
  }
  else if (document.all) {
    // this is the way old msie versions work
    res = flip(document.all[szDivId]);
  }
  if(elem) {
    if(res == 0) elem.innerHTML = msg1; else elem.innerHTML = msg2;
  }

}

function toggleAllBoxes() {
  if (document.getElementsByTagName) {
    d = document.getElementsByTagName('div');
    for (i = 0; i < d.length; i++) {
      if (d[i].className == 'log') {
        flip(d[i]);
      }
    }
  }
}

// -->
</script>

</head>
<body>
<h2 align='center'>Default test</h2><table border='1' align="center">
<tr>
<td>Tests passed/Failed/Skipped:</td><td>0/1/0</td>
</tr><tr>
<td>Started on:</td><td>Thu Nov 14 14:06:47 IST 2019</td>
</tr>
<tr><td>Total time:</td><td>0 seconds (449 ms)</td>
</tr><tr>
<td>Included groups:</td><td></td>
</tr><tr>
<td>Excluded groups:</td><td></td>
</tr>
</table><p/>
<small><i>(Hover the method name to see the test class name)</i></small><p/>
<table width='100%' border='1' class='invocation-failed'>
<tr><td colspan='4' align='center'><b>FAILED CONFIGURATIONS</b></td></tr>
<tr><td><b>Test method</b></td>
<td width="30%"><b>Exception</b></td>
<td width="10%"><b>Time (seconds)</b></td>
<td><b>Instance</b></td>
</tr>
<tr>
<td title='com.pw.cucumberrunner.Cucumber_Main.teardown()'><b>teardown</b><br>Test class: com.pw.cucumberrunner.Cucumber_Main</td>
<td><div><pre>java.lang.NullPointerException
	at com.vimalselvam.cucumber.listener.Reporter.loadXMLConfig(Reporter.java:66)
	at com.pw.cucumberrunner.Cucumber_Main.teardown(Cucumber_Main.java:56)
	at sun.reflect.NativeMethodAccessorImpl.invoke0(Native Method)
	at sun.reflect.NativeMethodAccessorImpl.invoke(NativeMethodAccessorImpl.java:62)
	at sun.reflect.DelegatingMethodAccessorImpl.invoke(DelegatingMethodAccessorImpl.java:43)
	at java.lang.reflect.Method.invoke(Method.java:498)
	at org.testng.internal.MethodInvocationHelper.invokeMethod(MethodInvocationHelper.java:124)
	at org.testng.internal.MethodInvocationHelper.invokeMethodConsideringTimeout(MethodInvocationHelper.java:59)
	at org.testng.internal.Invoker.invokeConfigurationMethod(Invoker.java:458)
	at org.testng.internal.Invoker.invokeConfigurations(Invoker.java:222)
	at org.testng.internal.Invoker.invokeConfigurations(Invoker.java:142)
	at org.testng.internal.TestMethodWorker.invokeAfterClassMethods(TestMethodWorker.java:214)
	at org.testng.internal.TestMethodWorker.run(TestMethodWorker.java:111)
	at org.testng.TestRunner.privateRun(TestRunner.java:648)
	at org.testng.TestRunner.run(TestRunner.java:505)
	at org.testng.SuiteRunner.runTest(SuiteRunner.java:455)
	at org.testng.SuiteRunner.runSequentially(SuiteRunner.java:450)
	at org.testng.SuiteRunner.privateRun(SuiteRunner.java:415)
	at org.testng.SuiteRunner.run(SuiteRunner.java:364)
	at org.testng.SuiteRunnerWorker.runSuite(SuiteRunnerWorker.java:52)
	at org.testng.SuiteRunnerWorker.run(SuiteRunnerWorker.java:84)
	at org.testng.TestNG.runSuitesSequentially(TestNG.java:1208)
	at org.testng.TestNG.runSuitesLocally(TestNG.java:1137)
	at org.testng.TestNG.runSuites(TestNG.java:1049)
	at org.testng.TestNG.run(TestNG.java:1017)
	at org.testng.remote.AbstractRemoteTestNG.run(AbstractRemoteTestNG.java:115)
	at org.testng.remote.RemoteTestNG.initAndRun(RemoteTestNG.java:251)
	at org.testng.remote.RemoteTestNG.main(RemoteTestNG.java:77)
</pre></div><a href='#' onClick='toggleBox("stack-trace1117871068", this, "Click to show all stack frames", "Click to hide stack frames")'>Click to show all stack frames</a>
<div class='stack-trace' id='stack-trace1117871068'><pre>java.lang.NullPointerException
	at com.vimalselvam.cucumber.listener.Reporter.loadXMLConfig(Reporter.java:66)
	at com.pw.cucumberrunner.Cucumber_Main.teardown(Cucumber_Main.java:56)
	at sun.reflect.NativeMethodAccessorImpl.invoke0(Native Method)
	at sun.reflect.NativeMethodAccessorImpl.invoke(NativeMethodAccessorImpl.java:62)
	at sun.reflect.DelegatingMethodAccessorImpl.invoke(DelegatingMethodAccessorImpl.java:43)
	at java.lang.reflect.Method.invoke(Method.java:498)
	at org.testng.internal.MethodInvocationHelper.invokeMethod(MethodInvocationHelper.java:124)
	at org.testng.internal.MethodInvocationHelper.invokeMethodConsideringTimeout(MethodInvocationHelper.java:59)
	at org.testng.internal.Invoker.invokeConfigurationMethod(Invoker.java:458)
	at org.testng.internal.Invoker.invokeConfigurations(Invoker.java:222)
	at org.testng.internal.Invoker.invokeConfigurations(Invoker.java:142)
	at org.testng.internal.TestMethodWorker.invokeAfterClassMethods(TestMethodWorker.java:214)
	at org.testng.internal.TestMethodWorker.run(TestMethodWorker.java:111)
	at org.testng.TestRunner.privateRun(TestRunner.java:648)
	at org.testng.TestRunner.run(TestRunner.java:505)
	at org.testng.SuiteRunner.runTest(SuiteRunner.java:455)
	at org.testng.SuiteRunner.runSequentially(SuiteRunner.java:450)
	at org.testng.SuiteRunner.privateRun(SuiteRunner.java:415)
	at org.testng.SuiteRunner.run(SuiteRunner.java:364)
	at org.testng.SuiteRunnerWorker.runSuite(SuiteRunnerWorker.java:52)
	at org.testng.SuiteRunnerWorker.run(SuiteRunnerWorker.java:84)
	at org.testng.TestNG.runSuitesSequentially(TestNG.java:1208)
	at org.testng.TestNG.runSuitesLocally(TestNG.java:1137)
	at org.testng.TestNG.runSuites(TestNG.java:1049)
	at org.testng.TestNG.run(TestNG.java:1017)
	at org.testng.remote.AbstractRemoteTestNG.run(AbstractRemoteTestNG.java:115)
	at org.testng.remote.RemoteTestNG.initAndRun(RemoteTestNG.java:251)
	at org.testng.remote.RemoteTestNG.main(RemoteTestNG.java:77)
</pre></div></td>
<td>0</td>
<td>com.pw.cucumberrunner.Cucumber_Main@62bd765</td></tr>
</table><p>
<table width='100%' border='1' class='invocation-failed'>
<tr><td colspan='4' align='center'><b>FAILED TESTS</b></td></tr>
<tr><td><b>Test method</b></td>
<td width="30%"><b>Exception</b></td>
<td width="10%"><b>Time (seconds)</b></td>
<td><b>Instance</b></td>
</tr>
<tr>
<td title='com.pw.cucumberrunner.Cucumber_Main.feature()'><b>feature</b><br>Test class: com.pw.cucumberrunner.Cucumber_Main<br>Test method: Runs Cucumber Feature<br>Parameters: cucumber.api.testng.CucumberExceptionWrapper@a37aefe</td>
<td><div><pre>cucumber.runtime.CucumberException: Error parsing feature file Features/Side_tray_add_sell_order.feature
	at cucumber.runtime.FeatureBuilder.parse(FeatureBuilder.java:133)
	at cucumber.runtime.model.CucumberFeature.loadFromFeaturePath(CucumberFeature.java:104)
	at cucumber.runtime.model.CucumberFeature.load(CucumberFeature.java:54)
	at cucumber.runtime.model.CucumberFeature.load(CucumberFeature.java:34)
	at cucumber.runtime.RuntimeOptions.cucumberFeatures(RuntimeOptions.java:239)
	at cucumber.api.testng.TestNGCucumberRunner.getFeatures(TestNGCucumberRunner.java:85)
	at cucumber.api.testng.TestNGCucumberRunner.provideFeatures(TestNGCucumberRunner.java:94)
	at cucumber.api.testng.AbstractTestNGCucumberTests.features(AbstractTestNGCucumberTests.java:29)
	at sun.reflect.NativeMethodAccessorImpl.invoke0(Native Method)
	at sun.reflect.NativeMethodAccessorImpl.invoke(NativeMethodAccessorImpl.java:62)
	at sun.reflect.DelegatingMethodAccessorImpl.invoke(DelegatingMethodAccessorImpl.java:43)
	at java.lang.reflect.Method.invoke(Method.java:498)
	at org.testng.internal.MethodInvocationHelper.invokeMethod(MethodInvocationHelper.java:124)
	at org.testng.internal.MethodInvocationHelper.invokeMethod(MethodInvocationHelper.java:74)
	at org.testng.internal.MethodInvocationHelper.invokeMethodNoCheckedException(MethodInvocationHelper.java:45)
	at org.testng.internal.MethodInvocationHelper.invokeDataProvider(MethodInvocationHelper.java:131)
	at org.testng.internal.Parameters.handleParameters(Parameters.java:706)
	at org.testng.internal.ParameterHandler.handleParameters(ParameterHandler.java:49)
	at org.testng.internal.ParameterHandler.createParameters(ParameterHandler.java:37)
	at org.testng.internal.Invoker.invokeTestMethods(Invoker.java:924)
	at org.testng.internal.TestMethodWorker.invokeTestMethods(TestMethodWorker.java:125)
	at org.testng.internal.TestMethodWorker.run(TestMethodWorker.java:109)
	at org.testng.TestRunner.privateRun(TestRunner.java:648)
	at org.testng.TestRunner.run(TestRunner.java:505)
	at org.testng.SuiteRunner.runTest(SuiteRunner.java:455)
	at org.testng.SuiteRunner.runSequentially(SuiteRunner.java:450)
	at org.testng.SuiteRunner.privateRun(SuiteRunner.java:415)
	at org.testng.SuiteRunner.run(SuiteRunner.java:364)
	at org.testng.SuiteRunnerWorker.runSuite(SuiteRunnerWorker.java:52)
	at org.testng.SuiteRunnerWorker.run(SuiteRunnerWorker.java:84)
	at org.testng.TestNG.runSuitesSequentially(TestNG.java:1208)
	at org.testng.TestNG.runSuitesLocally(TestNG.java:1137)
	at org.testng.TestNG.runSuites(TestNG.java:1049)
	at org.testng.TestNG.run(TestNG.java:1017)
	at org.testng.remote.AbstractRemoteTestNG.run(AbstractRemoteTestNG.java:115)
	at org.testng.remote.RemoteTestNG.initAndRun(RemoteTestNG.java:251)
	at org.testng.remote.RemoteTestNG.main(RemoteTestNG.java:77)
Caused by: gherkin.lexer.LexingError: Lexing error on line 110: &apos;Draft Order screen scenarios
	# @RegressionTest @SmokeTest
	Scenario: Validate the draft order page
	Given user is on ‘Add a sell order’ extended side tray 
	When the user clicks the add button from Add a sell order extended side tray
	Then order should be saved as draft order and should be displayed on the place order screen
	
	# @RegressionTest @SmokeTest
	Scenario: Validate the draft order
	Given user is on the draft order screen
	When user click the available draft order
	Then add sell order extended side tray should open and user should be able to edit the order

	# @RegressionTest @SmokeTest
	Scenario: validate the edit order
	Given user is on the edit order screen
	When user changes the different asset or order value
	And click the update button
	Then updated new changes should be displayed in the draft order screen
	
	# @RegressionTest @SmokeTest
	Scenario: Validate the multiple orders
	Given user is on the draft order screen
	When the user clicks the sell button and places the another order
	Then newly placed order should be displayed under the previous order on the draft order screen
	
	# @RegressionTest @SmokeTest
	Scenario: validate the close order button
	Given user is on the draft order screen
	When user clicks the close button for any draft order card
	Then confirmation pop-up message should be displayed on the screen
	
	# @RegressionTest @SmokeTest
	Scenario: Validate the Go back button on the confirmation popup
	Given user is can able to view the confirmation pop-up for close order
	When the user clicks the Go back button
	Then that order should not be closed and order should be displayed on the draft order screen
	
	# @RegressionTest @SmokeTest
	Scenario: Validate the cancel order button on the confirmation popup
	Given user is can able to view the confirmation popup for close order
	When the user clicks the cancel order button
	Then that particular order should be get disappear from the draft order screen
    Preview Order screen scenarios

	# @RegressionTest @SmokeTest
	Scenario: validate the preview screen
	Given user is on the draft order screen
	When the user clicks the preview button from the draft order screen
	Then User should navigate to the preview order screen
	And transaction summary value on preview order screen and addition of draft orders value should be same
	
	# @RegressionTest @SmokeTest
	Scenario: Validate the Preview order screen
	Given user is on the preview order screen
	When the user finds before and after portfolio impact of the available units
	Then available units should be reduced based on the order units for that Asset type
	And Asset name and asset code should be displayed under the before and after impacts of Units
	
	# @RegressionTest @SmokeTest
	Scenario: Validate the back button on preview order screen
	Given user is on the preview order screen
	When user clicks the back button
	Then User should be navigated to the order draft screen
	
	# @RegressionTest @SmokeTest
	Scenario: Validate the Confirm order button
	Given user is on the draft order screen
	When the user clicks the preview button from the draft order screen
	And the user didn’t select the disclaimer checkbox
	Then Confirm order button should be in disable mode
	
	# @RegressionTest @SmokeTest
	Scenario: Validate the disclaimer acknowledgement pop-up
	Given user is on the preview order screen
	When user clicks the disclaimer link from the preview order screen footer
	Then Disclaimer popup should be display
	
	# @RegressionTest @SmokeTest
	Scenario: validate the disclaimer checkbox
	Given user is on the preview order screen
	When  User selects the disclaimer checkbox
	Then  Order Confirm button should be enabled
	
	# @RegressionTest @SmokeTest
	Scenario: Validate the order confirmation button
	Given  user is on the preview order screen
	When  User click the order confirm button after selecting all the mandatory fields
	Then  Order should be submitted
	And  unique reference number should be generated for each order on order confirmation screen
	
%_FEATURE_END_%&apos;. See http://wiki.github.com/cucumber/gherkin/lexingerror for more information.
	at gherkin.lexer.En.scan(En.java:872)
	at gherkin.lexer.I18nLexer.scan(I18nLexer.java:36)
	at gherkin.parser.Parser.parse(Parser.java:62)
	at cucumber.runtime.FeatureBuilder.parse(FeatureBuilder.java:131)
	... 36 more
</pre></div><a href='#' onClick='toggleBox("stack-trace682910755", this, "Click to show all stack frames", "Click to hide stack frames")'>Click to show all stack frames</a>
<div class='stack-trace' id='stack-trace682910755'><pre>cucumber.runtime.CucumberException: Error parsing feature file Features/Side_tray_add_sell_order.feature
	at cucumber.runtime.FeatureBuilder.parse(FeatureBuilder.java:133)
	at cucumber.runtime.model.CucumberFeature.loadFromFeaturePath(CucumberFeature.java:104)
	at cucumber.runtime.model.CucumberFeature.load(CucumberFeature.java:54)
	at cucumber.runtime.model.CucumberFeature.load(CucumberFeature.java:34)
	at cucumber.runtime.RuntimeOptions.cucumberFeatures(RuntimeOptions.java:239)
	at cucumber.api.testng.TestNGCucumberRunner.getFeatures(TestNGCucumberRunner.java:85)
	at cucumber.api.testng.TestNGCucumberRunner.provideFeatures(TestNGCucumberRunner.java:94)
	at cucumber.api.testng.AbstractTestNGCucumberTests.features(AbstractTestNGCucumberTests.java:29)
	at sun.reflect.NativeMethodAccessorImpl.invoke0(Native Method)
	at sun.reflect.NativeMethodAccessorImpl.invoke(NativeMethodAccessorImpl.java:62)
	at sun.reflect.DelegatingMethodAccessorImpl.invoke(DelegatingMethodAccessorImpl.java:43)
	at java.lang.reflect.Method.invoke(Method.java:498)
	at org.testng.internal.MethodInvocationHelper.invokeMethod(MethodInvocationHelper.java:124)
	at org.testng.internal.MethodInvocationHelper.invokeMethod(MethodInvocationHelper.java:74)
	at org.testng.internal.MethodInvocationHelper.invokeMethodNoCheckedException(MethodInvocationHelper.java:45)
	at org.testng.internal.MethodInvocationHelper.invokeDataProvider(MethodInvocationHelper.java:131)
	at org.testng.internal.Parameters.handleParameters(Parameters.java:706)
	at org.testng.internal.ParameterHandler.handleParameters(ParameterHandler.java:49)
	at org.testng.internal.ParameterHandler.createParameters(ParameterHandler.java:37)
	at org.testng.internal.Invoker.invokeTestMethods(Invoker.java:924)
	at org.testng.internal.TestMethodWorker.invokeTestMethods(TestMethodWorker.java:125)
	at org.testng.internal.TestMethodWorker.run(TestMethodWorker.java:109)
	at org.testng.TestRunner.privateRun(TestRunner.java:648)
	at org.testng.TestRunner.run(TestRunner.java:505)
	at org.testng.SuiteRunner.runTest(SuiteRunner.java:455)
	at org.testng.SuiteRunner.runSequentially(SuiteRunner.java:450)
	at org.testng.SuiteRunner.privateRun(SuiteRunner.java:415)
	at org.testng.SuiteRunner.run(SuiteRunner.java:364)
	at org.testng.SuiteRunnerWorker.runSuite(SuiteRunnerWorker.java:52)
	at org.testng.SuiteRunnerWorker.run(SuiteRunnerWorker.java:84)
	at org.testng.TestNG.runSuitesSequentially(TestNG.java:1208)
	at org.testng.TestNG.runSuitesLocally(TestNG.java:1137)
	at org.testng.TestNG.runSuites(TestNG.java:1049)
	at org.testng.TestNG.run(TestNG.java:1017)
	at org.testng.remote.AbstractRemoteTestNG.run(AbstractRemoteTestNG.java:115)
	at org.testng.remote.RemoteTestNG.initAndRun(RemoteTestNG.java:251)
	at org.testng.remote.RemoteTestNG.main(RemoteTestNG.java:77)
Caused by: gherkin.lexer.LexingError: Lexing error on line 110: &apos;Draft Order screen scenarios
	# @RegressionTest @SmokeTest
	Scenario: Validate the draft order page
	Given user is on ‘Add a sell order’ extended side tray 
	When the user clicks the add button from Add a sell order extended side tray
	Then order should be saved as draft order and should be displayed on the place order screen
	
	# @RegressionTest @SmokeTest
	Scenario: Validate the draft order
	Given user is on the draft order screen
	When user click the available draft order
	Then add sell order extended side tray should open and user should be able to edit the order

	# @RegressionTest @SmokeTest
	Scenario: validate the edit order
	Given user is on the edit order screen
	When user changes the different asset or order value
	And click the update button
	Then updated new changes should be displayed in the draft order screen
	
	# @RegressionTest @SmokeTest
	Scenario: Validate the multiple orders
	Given user is on the draft order screen
	When the user clicks the sell button and places the another order
	Then newly placed order should be displayed under the previous order on the draft order screen
	
	# @RegressionTest @SmokeTest
	Scenario: validate the close order button
	Given user is on the draft order screen
	When user clicks the close button for any draft order card
	Then confirmation pop-up message should be displayed on the screen
	
	# @RegressionTest @SmokeTest
	Scenario: Validate the Go back button on the confirmation popup
	Given user is can able to view the confirmation pop-up for close order
	When the user clicks the Go back button
	Then that order should not be closed and order should be displayed on the draft order screen
	
	# @RegressionTest @SmokeTest
	Scenario: Validate the cancel order button on the confirmation popup
	Given user is can able to view the confirmation popup for close order
	When the user clicks the cancel order button
	Then that particular order should be get disappear from the draft order screen
    Preview Order screen scenarios

	# @RegressionTest @SmokeTest
	Scenario: validate the preview screen
	Given user is on the draft order screen
	When the user clicks the preview button from the draft order screen
	Then User should navigate to the preview order screen
	And transaction summary value on preview order screen and addition of draft orders value should be same
	
	# @RegressionTest @SmokeTest
	Scenario: Validate the Preview order screen
	Given user is on the preview order screen
	When the user finds before and after portfolio impact of the available units
	Then available units should be reduced based on the order units for that Asset type
	And Asset name and asset code should be displayed under the before and after impacts of Units
	
	# @RegressionTest @SmokeTest
	Scenario: Validate the back button on preview order screen
	Given user is on the preview order screen
	When user clicks the back button
	Then User should be navigated to the order draft screen
	
	# @RegressionTest @SmokeTest
	Scenario: Validate the Confirm order button
	Given user is on the draft order screen
	When the user clicks the preview button from the draft order screen
	And the user didn’t select the disclaimer checkbox
	Then Confirm order button should be in disable mode
	
	# @RegressionTest @SmokeTest
	Scenario: Validate the disclaimer acknowledgement pop-up
	Given user is on the preview order screen
	When user clicks the disclaimer link from the preview order screen footer
	Then Disclaimer popup should be display
	
	# @RegressionTest @SmokeTest
	Scenario: validate the disclaimer checkbox
	Given user is on the preview order screen
	When  User selects the disclaimer checkbox
	Then  Order Confirm button should be enabled
	
	# @RegressionTest @SmokeTest
	Scenario: Validate the order confirmation button
	Given  user is on the preview order screen
	When  User click the order confirm button after selecting all the mandatory fields
	Then  Order should be submitted
	And  unique reference number should be generated for each order on order confirmation screen
	
%_FEATURE_END_%&apos;. See http://wiki.github.com/cucumber/gherkin/lexingerror for more information.
	at gherkin.lexer.En.scan(En.java:872)
	at gherkin.lexer.I18nLexer.scan(I18nLexer.java:36)
	at gherkin.parser.Parser.parse(Parser.java:62)
	at cucumber.runtime.FeatureBuilder.parse(FeatureBuilder.java:131)
	... 36 more
</pre></div></td>
<td>0</td>
<td>com.pw.cucumberrunner.Cucumber_Main@62bd765</td></tr>
</table><p>
</body>
</html>